[cavalo]

Query Words          | Frequency           
==================== | ====================
cavalo               | 1                   
==================== | ====================


INVERTED FILE

melhor      1           xadrez.txt  1          
xadrez      2           xadrez.txt  1           policia.txt 1          
pecas       1           xadrez.txt  1          
policiais   1           policia.txt 1          
jogada      1           jogo.txt    1          
peao        3           xadrez.txt  1           jogo.txt    1           rodeio.txt  1          
rei         1           jogo.txt    1          
jogo        1           xadrez.txt  1          
jogaram     1           policia.txt 1          
envolveu    1           jogo.txt    1          
boi         1           rodeio.txt  1          
lacou       1           rodeio.txt  1          
cavalo      2           xadrez.txt  2           fazenda.txt 1          
rodeio      1           fazenda.txt 1          
torre       1           jogo.txt    1          


Word                 | xadrez.txt           | fazenda.txt          | jogo.txt             | policia.txt          | rodeio.txt           | DF                   | iDF                  | tfidf(xadrez.txt)    | tfidf(fazenda.txt)   | tfidf(jogo.txt)      | tfidf(policia.txt)   | tfidf(rodeio.txt)   
==================== | ==================== | ==================== | ==================== | ==================== | ==================== | ==================== | ==================== | ==================== | ==================== | ==================== | ==================== | ====================
melhor               | 1                    | 0                    | 0                    | 0                    | 0                    | 1                    | 0.6989700043360189   | 0.34948500216800943  | 0                    | 0                    | 0                    | 0                   
-------------------- | -------------------- | -------------------- | -------------------- | -------------------- | -------------------- | -------------------- | -------------------- | -------------------- | -------------------- | -------------------- | -------------------- | --------------------
xadrez               | 1                    | 0                    | 0                    | 1                    | 0                    | 2                    | 0.3979400086720376   | 0.1989700043360188   | 0                    | 0                    | 0.3979400086720376   | 0                   
-------------------- | -------------------- | -------------------- | -------------------- | -------------------- | -------------------- | -------------------- | -------------------- | -------------------- | -------------------- | -------------------- | -------------------- | --------------------
pecas                | 1                    | 0                    | 0                    | 0                    | 0                    | 1                    | 0.6989700043360189   | 0.34948500216800943  | 0                    | 0                    | 0                    | 0                   
-------------------- | -------------------- | -------------------- | -------------------- | -------------------- | -------------------- | -------------------- | -------------------- | -------------------- | -------------------- | -------------------- | -------------------- | --------------------
policiais            | 0                    | 0                    | 0                    | 1                    | 0                    | 1                    | 0.6989700043360189   | 0                    | 0                    | 0                    | 0.6989700043360189   | 0                   
-------------------- | -------------------- | -------------------- | -------------------- | -------------------- | -------------------- | -------------------- | -------------------- | -------------------- | -------------------- | -------------------- | -------------------- | --------------------
jogada               | 0                    | 0                    | 1                    | 0                    | 0                    | 1                    | 0.6989700043360189   | 0                    | 0                    | 0.6989700043360189   | 0                    | 0                   
-------------------- | -------------------- | -------------------- | -------------------- | -------------------- | -------------------- | -------------------- | -------------------- | -------------------- | -------------------- | -------------------- | -------------------- | --------------------
peao                 | 1                    | 0                    | 1                    | 0                    | 1                    | 3                    | 0.22184874961635637  | 0.11092437480817818  | 0                    | 0.22184874961635637  | 0                    | 0.22184874961635637 
-------------------- | -------------------- | -------------------- | -------------------- | -------------------- | -------------------- | -------------------- | -------------------- | -------------------- | -------------------- | -------------------- | -------------------- | --------------------
rei                  | 0                    | 0                    | 1                    | 0                    | 0                    | 1                    | 0.6989700043360189   | 0                    | 0                    | 0.6989700043360189   | 0                    | 0                   
-------------------- | -------------------- | -------------------- | -------------------- | -------------------- | -------------------- | -------------------- | -------------------- | -------------------- | -------------------- | -------------------- | -------------------- | --------------------
jogo                 | 1                    | 0                    | 0                    | 0                    | 0                    | 1                    | 0.6989700043360189   | 0.34948500216800943  | 0                    | 0                    | 0                    | 0                   
-------------------- | -------------------- | -------------------- | -------------------- | -------------------- | -------------------- | -------------------- | -------------------- | -------------------- | -------------------- | -------------------- | -------------------- | --------------------
jogaram              | 0                    | 0                    | 0                    | 1                    | 0                    | 1                    | 0.6989700043360189   | 0                    | 0                    | 0                    | 0.6989700043360189   | 0                   
-------------------- | -------------------- | -------------------- | -------------------- | -------------------- | -------------------- | -------------------- | -------------------- | -------------------- | -------------------- | -------------------- | -------------------- | --------------------
envolveu             | 0                    | 0                    | 1                    | 0                    | 0                    | 1                    | 0.6989700043360189   | 0                    | 0                    | 0.6989700043360189   | 0                    | 0                   
-------------------- | -------------------- | -------------------- | -------------------- | -------------------- | -------------------- | -------------------- | -------------------- | -------------------- | -------------------- | -------------------- | -------------------- | --------------------
boi                  | 0                    | 0                    | 0                    | 0                    | 1                    | 1                    | 0.6989700043360189   | 0                    | 0                    | 0                    | 0                    | 0.6989700043360189  
-------------------- | -------------------- | -------------------- | -------------------- | -------------------- | -------------------- | -------------------- | -------------------- | -------------------- | -------------------- | -------------------- | -------------------- | --------------------
lacou                | 0                    | 0                    | 0                    | 0                    | 1                    | 1                    | 0.6989700043360189   | 0                    | 0                    | 0                    | 0                    | 0.6989700043360189  
-------------------- | -------------------- | -------------------- | -------------------- | -------------------- | -------------------- | -------------------- | -------------------- | -------------------- | -------------------- | -------------------- | -------------------- | --------------------
cavalo               | 2                    | 1                    | 0                    | 0                    | 0                    | 2                    | 0.3979400086720376   | 0.3979400086720376   | 0.3979400086720376   | 0                    | 0                    | 0                   
-------------------- | -------------------- | -------------------- | -------------------- | -------------------- | -------------------- | -------------------- | -------------------- | -------------------- | -------------------- | -------------------- | -------------------- | --------------------
rodeio               | 0                    | 1                    | 0                    | 0                    | 0                    | 1                    | 0.6989700043360189   | 0                    | 0.6989700043360189   | 0                    | 0                    | 0                   
-------------------- | -------------------- | -------------------- | -------------------- | -------------------- | -------------------- | -------------------- | -------------------- | -------------------- | -------------------- | -------------------- | -------------------- | --------------------
torre                | 0                    | 0                    | 1                    | 0                    | 0                    | 1                    | 0.6989700043360189   | 0                    | 0                    | 0.6989700043360189   | 0                    | 0                   
==================== | ==================== | ==================== | ==================== | ==================== | ==================== | ==================== | ==================== | ==================== | ==================== | ==================== | ==================== | ====================

[cavalo]

Query Words          | Frequency            | Weight              
==================== | ==================== | ====================
cavalo               | 1                    | 0.3979400086720376  
==================== | ==================== | ====================


0 | xadrez.txt (0.5240278470138003)
	O peão e o cavalo são peças de xadrez. O cavalo é melhor do jogo.

1 | fazenda.txt (0.4947592105690922)
	Cavalo de rodeio!

